app/build/outputs/logs/manifest-merger-release-report.txt
-- Merging decision tree log ---
manifest
ADDED from src\main\AndroidManifest.xml:2:1-150:12
	package
		ADDED from src\main\AndroidManifest.xml:3:5-30
		INJECTED from src\main\AndroidManifest.xml
		INJECTED from src\main\AndroidManifest.xml
	android:versionName
		ADDED from src\main\AndroidManifest.xml:5:5-30
		INJECTED from src\main\AndroidManifest.xml
		INJECTED from src\main\AndroidManifest.xml
	android:versionCode
		ADDED from src\main\AndroidManifest.xml:4:5-28
		INJECTED from src\main\AndroidManifest.xml
		INJECTED from src\main\AndroidManifest.xml
	xmlns:android
		ADDED from src\main\AndroidManifest.xml:2:11-69
uses-sdk
ADDED from src\main\AndroidManifest.xml:7:5-9:41
MERGED from [com.android.support:multidex:1.0.1] AndroidManifest.xml:18:5-42
MERGED from [duanzi:jcvideoplayer-lib:unspecified] AndroidManifest.xml:7:5-9:41
MERGED from [duanzi:tfl_list_recycler_view:unspecified] AndroidManifest.xml:7:5-9:41
MERGED from [duanzi:page_curl:unspecified] AndroidManifest.xml:7:5-9:41
MERGED from [duanzi:android_auto_update:unspecified] AndroidManifest.xml:7:5-9:41
MERGED from [duanzi:multi-image-selector:unspecified] AndroidManifest.xml:7:5-9:41
MERGED from [duanzi:DroidPlugin:unspecified] AndroidManifest.xml:30:5-43
MERGED from [cn.leancloud.android:avoscloud-push:v4.4.4] AndroidManifest.xml:7:5-9:41
MERGED from [duanzi:recyclerviewcardgallery:unspecified] AndroidManifest.xml:7:5-9:41
MERGED from [com.android.support:cardview-v7:25.3.1] AndroidManifest.xml:20:5-43
MERGED from [duanzi:mediarecord:unspecified] AndroidManifest.xml:7:5-9:41
MERGED from [com.android.support:design:25.3.1] AndroidManifest.xml:21:5-23:62
MERGED from [com.android.support:recyclerview-v7:25.3.1] AndroidManifest.xml:20:5-43
MERGED from [com.android.support:transition:25.3.1] AndroidManifest.xml:20:5-44
MERGED from [com.cjj.materialrefeshlayout:library:1.3.0] AndroidManifest.xml:7:5-9:41
MERGED from [com.android.support:appcompat-v7:25.3.1] AndroidManifest.xml:21:5-23:78
MERGED from [com.android.support:animated-vector-drawable:25.3.1] AndroidManifest.xml:20:5-44
MERGED from [com.android.support:support-vector-drawable:25.3.1] AndroidManifest.xml:20:5-43
MERGED from [com.bigkoo:svprogresshud:1.0.6] AndroidManifest.xml:7:5-9:41
MERGED from [me.drakeet.materialdialog:library:1.3.1] AndroidManifest.xml:8:5-10:41
MERGED from [cn.leancloud.android:avoscloud-feedback:v4.4.4] AndroidManifest.xml:7:5-9:41
MERGED from [cn.leancloud.android:avoscloud-sns:v4.4.4] AndroidManifest.xml:7:5-9:41
MERGED from [cn.leancloud.android:avoscloud-search:v4.4.4] AndroidManifest.xml:7:5-9:41
MERGED from [com.android.support:support-v4:25.3.1] AndroidManifest.xml:21:5-23:54
MERGED from [com.android.support:support-fragment:25.3.1] AndroidManifest.xml:21:5-23:60
MERGED from [com.android.support:support-media-compat:25.3.1] AndroidManifest.xml:21:5-23:63
MERGED from [com.android.support:support-core-ui:25.3.1] AndroidManifest.xml:21:5-23:58
MERGED from [com.android.support:support-core-utils:25.3.1] AndroidManifest.xml:21:5-23:61
MERGED from [com.android.support:support-compat:25.3.1] AndroidManifest.xml:21:5-23:58
MERGED from [com.android.support.constraint:constraint-layout:1.0.2] AndroidManifest.xml:5:5-7:41
	tools:overrideLibrary
		ADDED from [com.android.support:design:25.3.1] AndroidManifest.xml:23:9-59
	android:targetSdkVersion
		ADDED from src\main\AndroidManifest.xml:9:9-38
		INJECTED from src\main\AndroidManifest.xml
		INJECTED from src\main\AndroidManifest.xml
	android:minSdkVersion
		ADDED from src\main\AndroidManifest.xml:8:9-35
		INJECTED from src\main\AndroidManifest.xml
		INJECTED from src\main\AndroidManifest.xml
uses-permission#android.permission.INTERNET
ADDED from src\main\AndroidManifest.xml:11:5-67
MERGED from [duanzi:DroidPlugin:unspecified] AndroidManifest.xml:58:5-67
MERGED from [cn.leancloud.android:avoscloud-sns:v4.4.4] AndroidManifest.xml:11:5-67
	android:name
		ADDED from src\main\AndroidManifest.xml:11:22-64
uses-permission#android.permission.READ_PHONE_STATE
ADDED from src\main\AndroidManifest.xml:12:5-75
MERGED from [duanzi:DroidPlugin:unspecified] AndroidManifest.xml:71:5-75
	android:name
		ADDED from src\main\AndroidManifest.xml:12:22-72
uses-permission#android.permission.ACCESS_NETWORK_STATE
ADDED from src\main\AndroidManifest.xml:13:5-79
MERGED from [duanzi:DroidPlugin:unspecified] AndroidManifest.xml:36:5-79
MERGED from [cn.leancloud.android:avoscloud-sns:v4.4.4] AndroidManifest.xml:14:5-79
	android:name
		ADDED from src\main\AndroidManifest.xml:13:22-76
uses-permission#android.permission.ACCESS_WIFI_STATE
ADDED from src\main\AndroidManifest.xml:14:5-76
MERGED from [duanzi:DroidPlugin:unspecified] AndroidManifest.xml:37:5-76
	android:name
		ADDED from src\main\AndroidManifest.xml:14:22-73
uses-permission#android.permission.WRITE_EXTERNAL_STORAGE
ADDED from src\main\AndroidManifest.xml:15:5-81
MERGED from [duanzi:multi-image-selector:unspecified] AndroidManifest.xml:15:5-81
MERGED from [duanzi:DroidPlugin:unspecified] AndroidManifest.xml:100:5-81
MERGED from [duanzi:mediarecord:unspecified] AndroidManifest.xml:12:5-81
	android:name
		ADDED from src\main\AndroidManifest.xml:15:22-78
uses-permission#android.permission.READ_EXTERNAL_STORAGE
ADDED from src\main\AndroidManifest.xml:16:5-80
MERGED from [duanzi:DroidPlugin:unspecified] AndroidManifest.xml:69:5-80
	android:name
		ADDED from src\main\AndroidManifest.xml:16:22-77
uses-permission#android.permission.ACCESS_FINE_LOCATION
ADDED from src\main\AndroidManifest.xml:17:5-79
MERGED from [duanzi:DroidPlugin:unspecified] AndroidManifest.xml:34:5-79
	android:name
		ADDED from src\main\AndroidManifest.xml:17:22-76
uses-permission#android.permission.GET_TASKS
ADDED from src\main\AndroidManifest.xml:18:5-68
MERGED from [duanzi:DroidPlugin:unspecified] AndroidManifest.xml:57:5-68
	android:name
		ADDED from src\main\AndroidManifest.xml:18:22-65
uses-permission#android.permission.WAKE_LOCK
ADDED from src\main\AndroidManifest.xml:19:5-68
MERGED from [duanzi:DroidPlugin:unspecified] AndroidManifest.xml:96:5-68
	android:name
		ADDED from src\main\AndroidManifest.xml:19:22-65
uses-permission#android.permission.CHANGE_WIFI_STATE
ADDED from src\main\AndroidManifest.xml:20:5-76
MERGED from [duanzi:DroidPlugin:unspecified] AndroidManifest.xml:48:5-76
	android:name
		ADDED from src\main\AndroidManifest.xml:20:22-73
uses-permission#android.permission.MANAGE_ACCOUNTS
ADDED from src\main\AndroidManifest.xml:21:5-74
MERGED from [duanzi:DroidPlugin:unspecified] AndroidManifest.xml:60:5-74
	android:name
		ADDED from src\main\AndroidManifest.xml:21:22-71
uses-permission#android.permission.RECEIVE_BOOT_COMPLETED
ADDED from src\main\AndroidManifest.xml:22:5-81
MERGED from [duanzi:DroidPlugin:unspecified] AndroidManifest.xml:78:5-81
MERGED from [cn.leancloud.android:avoscloud-sns:v4.4.4] AndroidManifest.xml:12:5-81
	android:name
		ADDED from src\main\AndroidManifest.xml:22:22-78
uses-permission#android.permission.VIBRATE
ADDED from src\main\AndroidManifest.xml:23:5-66
MERGED from [duanzi:DroidPlugin:unspecified] AndroidManifest.xml:95:5-66
MERGED from [cn.leancloud.android:avoscloud-sns:v4.4.4] AndroidManifest.xml:13:5-66
	android:name
		ADDED from src\main\AndroidManifest.xml:23:22-63
uses-permission#android.permission.CAMERA
ADDED from src\main\AndroidManifest.xml:24:5-65
MERGED from [duanzi:multi-image-selector:unspecified] AndroidManifest.xml:13:5-65
MERGED from [duanzi:DroidPlugin:unspecified] AndroidManifest.xml:45:5-65
MERGED from [duanzi:mediarecord:unspecified] AndroidManifest.xml:11:5-65
	android:name
		ADDED from src\main\AndroidManifest.xml:24:22-62
uses-permission#android.permission.RECORD_AUDIO
ADDED from src\main\AndroidManifest.xml:25:5-71
MERGED from [duanzi:DroidPlugin:unspecified] AndroidManifest.xml:82:5-71
MERGED from [duanzi:mediarecord:unspecified] AndroidManifest.xml:13:5-71
	android:name
		ADDED from src\main\AndroidManifest.xml:25:22-68
application
ADDED from src\main\AndroidManifest.xml:27:5-148:19
MERGED from [duanzi:jcvideoplayer-lib:unspecified] AndroidManifest.xml:11:5-19:19
MERGED from [duanzi:tfl_list_recycler_view:unspecified] AndroidManifest.xml:11:5-15:19
MERGED from [duanzi:page_curl:unspecified] AndroidManifest.xml:11:5-15:19
MERGED from [duanzi:android_auto_update:unspecified] AndroidManifest.xml:11:5-15:19
MERGED from [duanzi:multi-image-selector:unspecified] AndroidManifest.xml:17:5-29:19
MERGED from [duanzi:DroidPlugin:unspecified] AndroidManifest.xml:180:5-5045:19
MERGED from [duanzi:recyclerviewcardgallery:unspecified] AndroidManifest.xml:11:5-15:19
MERGED from [com.android.support:cardview-v7:25.3.1] AndroidManifest.xml:26:5-20
MERGED from [duanzi:mediarecord:unspecified] AndroidManifest.xml:26:5-30:19
MERGED from [com.android.support:design:25.3.1] AndroidManifest.xml:29:5-20
MERGED from [com.android.support:transition:25.3.1] AndroidManifest.xml:26:5-20
MERGED from [com.android.support:appcompat-v7:25.3.1] AndroidManifest.xml:29:5-20
MERGED from [com.android.support:animated-vector-drawable:25.3.1] AndroidManifest.xml:26:5-20
MERGED from [com.android.support:support-vector-drawable:25.3.1] AndroidManifest.xml:26:5-20
MERGED from [cn.leancloud.android:avoscloud-search:v4.4.4] AndroidManifest.xml:11:5-14:19
MERGED from [com.android.support:support-v4:25.3.1] AndroidManifest.xml:29:5-20
MERGED from [com.android.support:support-fragment:25.3.1] AndroidManifest.xml:29:5-20
MERGED from [com.android.support:support-media-compat:25.3.1] AndroidManifest.xml:29:5-20
MERGED from [com.android.support:support-core-ui:25.3.1] AndroidManifest.xml:29:5-20
MERGED from [com.android.support:support-core-utils:25.3.1] AndroidManifest.xml:29:5-20
MERGED from [com.android.support:support-compat:25.3.1] AndroidManifest.xml:29:5-20
MERGED from [com.android.support.constraint:constraint-layout:1.0.2] AndroidManifest.xml:9:5-20
	android:label
		ADDED from src\main\AndroidManifest.xml:31:9-41
	android:supportsRtl
		ADDED from [duanzi:jcvideoplayer-lib:unspecified] AndroidManifest.xml:14:9-35
	android:allowBackup
		ADDED from src\main\AndroidManifest.xml:29:9-35
	android:icon
		ADDED from src\main\AndroidManifest.xml:30:9-38
	android:theme
		ADDED from src\main\AndroidManifest.xml:32:9-40
	android:name
		ADDED from src\main\AndroidManifest.xml:28:9-38
activity#com.anna.duanzi.MainActivity
ADDED from src\main\AndroidManifest.xml:33:9-41:20
	android:label
		ADDED from src\main\AndroidManifest.xml:35:13-45
	android:name
		ADDED from src\main\AndroidManifest.xml:34:13-41
intent-filter#android.intent.action.MAIN+android.intent.category.LAUNCHER
ADDED from src\main\AndroidManifest.xml:36:13-40:29
action#android.intent.action.MAIN
ADDED from src\main\AndroidManifest.xml:37:17-69
	android:name
		ADDED from src\main\AndroidManifest.xml:37:25-66
category#android.intent.category.LAUNCHER
ADDED from src\main\AndroidManifest.xml:39:17-77
	android:name
		ADDED from src\main\AndroidManifest.xml:39:27-74
activity#com.mob.tools.MobUIShell
ADDED from src\main\AndroidManifest.xml:48:9-75:20
	android:screenOrientation
		ADDED from src\main\AndroidManifest.xml:51:13-49
	android:windowSoftInputMode
		ADDED from src\main\AndroidManifest.xml:53:13-67
	android:configChanges
		ADDED from src\main\AndroidManifest.xml:50:13-74
	android:theme
		ADDED from src\main\AndroidManifest.xml:52:13-72
	android:name
		ADDED from src\main\AndroidManifest.xml:49:13-52
intent-filter#android.intent.action.VIEW+android.intent.category.BROWSABLE+android.intent.category.DEFAULT
ADDED from src\main\AndroidManifest.xml:60:13-67:29
data
ADDED from src\main\AndroidManifest.xml:61:17-59
	android:scheme
		ADDED from src\main\AndroidManifest.xml:61:23-56
action#android.intent.action.VIEW
ADDED from src\main\AndroidManifest.xml:63:17-69
	android:name
		ADDED from src\main\AndroidManifest.xml:63:25-66
category#android.intent.category.BROWSABLE
ADDED from src\main\AndroidManifest.xml:65:17-78
	android:name
		ADDED from src\main\AndroidManifest.xml:65:27-75
category#android.intent.category.DEFAULT
ADDED from src\main\AndroidManifest.xml:66:17-76
	android:name
		ADDED from src\main\AndroidManifest.xml:66:27-73
intent-filter#android.intent.category.DEFAULT+com.sina.weibo.sdk.action.ACTION_SDK_REQ_ACTIVITY
ADDED from src\main\AndroidManifest.xml:70:13-74:29
action#com.sina.weibo.sdk.action.ACTION_SDK_REQ_ACTIVITY
ADDED from src\main\AndroidManifest.xml:71:17-92
	android:name
		ADDED from src\main\AndroidManifest.xml:71:25-89
activity#com.anna.duanzi.wxapi.WXEntryActivity
ADDED from src\main\AndroidManifest.xml:78:9-82:75
	android:exported
		ADDED from src\main\AndroidManifest.xml:81:13-36
	android:configChanges
		ADDED from src\main\AndroidManifest.xml:80:13-74
	android:theme
		ADDED from src\main\AndroidManifest.xml:82:13-72
	android:name
		ADDED from src\main\AndroidManifest.xml:79:13-50
activity#com.anna.duanzi.activity.ImagePageActivity
ADDED from src\main\AndroidManifest.xml:83:9-64
	android:name
		ADDED from src\main\AndroidManifest.xml:83:19-61
activity#com.anna.duanzi.activity.TurnBookActivity
ADDED from src\main\AndroidManifest.xml:84:9-86:64
	android:label
		ADDED from src\main\AndroidManifest.xml:86:13-61
	android:name
		ADDED from src\main\AndroidManifest.xml:85:13-54
activity#com.anna.duanzi.activity.CommentActivity
ADDED from src\main\AndroidManifest.xml:87:9-89:58
	android:windowSoftInputMode
		ADDED from src\main\AndroidManifest.xml:89:13-55
	android:name
		ADDED from src\main\AndroidManifest.xml:88:13-53
activity#com.anna.duanzi.activity.TxtActivity
ADDED from src\main\AndroidManifest.xml:90:9-58
	android:name
		ADDED from src\main\AndroidManifest.xml:90:19-55
activity#com.anna.duanzi.activity.WebTxtActivity
ADDED from src\main\AndroidManifest.xml:91:9-61
	android:name
		ADDED from src\main\AndroidManifest.xml:91:19-58
service#com.cn.tfl.update.DownloadService
ADDED from src\main\AndroidManifest.xml:93:9-104:19
	android:exported
		ADDED from src\main\AndroidManifest.xml:95:13-36
	android:permission
		ADDED from src\main\AndroidManifest.xml:96:13-79
	android:name
		ADDED from src\main\AndroidManifest.xml:94:13-61
intent-filter#android.accessibilityservice.AccessibilityService
ADDED from src\main\AndroidManifest.xml:97:13-99:29
action#android.accessibilityservice.AccessibilityService
ADDED from src\main\AndroidManifest.xml:98:17-92
	android:name
		ADDED from src\main\AndroidManifest.xml:98:25-89
meta-data#android.accessibilityservice
ADDED from src\main\AndroidManifest.xml:101:13-103:72
	android:resource
		ADDED from src\main\AndroidManifest.xml:103:17-69
	android:name
		ADDED from src\main\AndroidManifest.xml:102:17-60
service#com.anna.duanzi.service.RegisterCodeTimerService
ADDED from src\main\AndroidManifest.xml:105:9-69
	android:name
		ADDED from src\main\AndroidManifest.xml:105:18-66
service#com.avos.avoscloud.PushService
ADDED from src\main\AndroidManifest.xml:106:9-66
	android:name
		ADDED from src\main\AndroidManifest.xml:106:18-63
activity#com.anna.duanzi.activity.VideoActivity
ADDED from src\main\AndroidManifest.xml:108:9-60
	android:name
		ADDED from src\main\AndroidManifest.xml:108:19-57
activity#com.anna.duanzi.activity.LoginActivity
ADDED from src\main\AndroidManifest.xml:109:9-111:58
	android:theme
		ADDED from src\main\AndroidManifest.xml:111:13-55
	android:name
		ADDED from src\main\AndroidManifest.xml:110:13-51
activity#com.avos.sns.SNSWebActivity
ADDED from src\main\AndroidManifest.xml:112:9-64
	android:name
		ADDED from src\main\AndroidManifest.xml:112:19-61
activity#com.avos.avoscloud.feedback.ThreadActivity
ADDED from src\main\AndroidManifest.xml:113:9-115:47
	android:theme
		ADDED from src\main\AndroidManifest.xml:115:13-44
	android:name
		ADDED from src\main\AndroidManifest.xml:114:13-70
activity#com.anna.duanzi.activity.UserInfoActivity
ADDED from src\main\AndroidManifest.xml:116:9-63
	android:name
		ADDED from src\main\AndroidManifest.xml:116:19-60
activity#com.anna.duanzi.activity.SingleImageSelectorActivity
ADDED from src\main\AndroidManifest.xml:118:9-120:62
	android:configChanges
		ADDED from src\main\AndroidManifest.xml:120:13-59
	android:name
		ADDED from src\main\AndroidManifest.xml:119:13-65
activity#com.anna.duanzi.activity.EditUserInfoActivity
ADDED from src\main\AndroidManifest.xml:121:9-67
	android:name
		ADDED from src\main\AndroidManifest.xml:121:19-64
activity#com.anna.duanzi.activity.MemberActivity
ADDED from src\main\AndroidManifest.xml:122:9-61
	android:name
		ADDED from src\main\AndroidManifest.xml:122:19-58
activity#com.anna.duanzi.activity.SettingActivity
ADDED from src\main\AndroidManifest.xml:123:9-62
	android:name
		ADDED from src\main\AndroidManifest.xml:123:19-59
activity#com.anna.duanzi.activity.DownLoadAreaActivity
ADDED from src\main\AndroidManifest.xml:124:9-67
	android:name
		ADDED from src\main\AndroidManifest.xml:124:19-64
activity#com.anna.duanzi.activity.MembersOnlyActivity
ADDED from src\main\AndroidManifest.xml:125:9-66
	android:name
		ADDED from src\main\AndroidManifest.xml:125:19-63
activity#com.anna.duanzi.activity.OnlineMoviesActivity
ADDED from src\main\AndroidManifest.xml:126:9-67
	android:name
		ADDED from src\main\AndroidManifest.xml:126:19-64
activity#com.anna.duanzi.activity.ImageAreaActivity
ADDED from src\main\AndroidManifest.xml:127:9-64
	android:name
		ADDED from src\main\AndroidManifest.xml:127:19-61
receiver#com.avos.avoscloud.AVBroadcastReceiver
ADDED from src\main\AndroidManifest.xml:129:9-136:20
	android:name
		ADDED from src\main\AndroidManifest.xml:129:19-72
intent-filter#android.intent.action.BOOT_COMPLETED+android.intent.action.USER_PRESENT+android.net.conn.CONNECTIVITY_CHANGE+com.avos.UPDATE_STATUS
ADDED from src\main\AndroidManifest.xml:130:13-135:29
action#android.intent.action.BOOT_COMPLETED
ADDED from src\main\AndroidManifest.xml:131:17-79
	android:name
		ADDED from src\main\AndroidManifest.xml:131:25-76
action#android.intent.action.USER_PRESENT
ADDED from src\main\AndroidManifest.xml:132:17-77
	android:name
		ADDED from src\main\AndroidManifest.xml:132:25-74
action#android.net.conn.CONNECTIVITY_CHANGE
ADDED from src\main\AndroidManifest.xml:133:17-79
	android:name
		ADDED from src\main\AndroidManifest.xml:133:25-76
action#com.avos.UPDATE_STATUS
ADDED from src\main\AndroidManifest.xml:134:17-65
	android:name
		ADDED from src\main\AndroidManifest.xml:134:25-62
activity#com.anna.duanzi.activity.HomeActivity
ADDED from src\main\AndroidManifest.xml:138:9-59
	android:name
		ADDED from src\main\AndroidManifest.xml:138:19-56
activity#com.anna.duanzi.activity.SearchActivity
ADDED from src\main\AndroidManifest.xml:139:9-61
	android:name
		ADDED from src\main\AndroidManifest.xml:139:19-58
activity#com.anna.duanzi.activity.AttentionPersonActivity
ADDED from src\main\AndroidManifest.xml:140:9-70
	android:name
		ADDED from src\main\AndroidManifest.xml:140:19-67
activity#com.anna.duanzi.activity.AddAttentionActivity
ADDED from src\main\AndroidManifest.xml:141:9-67
	android:name
		ADDED from src\main\AndroidManifest.xml:141:19-64
activity#com.anna.duanzi.activity.PublishActivity
ADDED from src\main\AndroidManifest.xml:142:9-62
	android:name
		ADDED from src\main\AndroidManifest.xml:142:19-59
activity#com.anna.duanzi.activity.PublishEditActivity
ADDED from src\main\AndroidManifest.xml:143:9-66
	android:name
		ADDED from src\main\AndroidManifest.xml:143:19-63
activity#com.anna.duanzi.activity.RecorderActivity
ADDED from src\main\AndroidManifest.xml:144:9-146:74
	android:theme
		ADDED from src\main\AndroidManifest.xml:146:13-71
	android:name
		ADDED from src\main\AndroidManifest.xml:145:13-54
activity#com.anna.duanzi.activity.VideoThumbEditActivity
ADDED from src\main\AndroidManifest.xml:147:9-78
	android:name
		ADDED from src\main\AndroidManifest.xml:147:19-66
activity#fm.jiecao.jcvideoplayer_lib.FullScreenActivity
ADDED from [duanzi:jcvideoplayer-lib:unspecified] AndroidManifest.xml:15:9-18:53
	android:screenOrientation
		ADDED from [duanzi:jcvideoplayer-lib:unspecified] AndroidManifest.xml:18:13-50
	android:configChanges
		ADDED from [duanzi:jcvideoplayer-lib:unspecified] AndroidManifest.xml:17:13-63
	android:name
		ADDED from [duanzi:jcvideoplayer-lib:unspecified] AndroidManifest.xml:16:13-74
uses-feature#android.hardware.camera
ADDED from [duanzi:multi-image-selector:unspecified] AndroidManifest.xml:11:5-60
MERGED from [duanzi:DroidPlugin:unspecified] AndroidManifest.xml:175:5-60
MERGED from [duanzi:mediarecord:unspecified] AndroidManifest.xml:15:5-60
	android:name
		ADDED from [duanzi:multi-image-selector:unspecified] AndroidManifest.xml:11:19-57
uses-permission#android.hardware.camera.autofocus
ADDED from [duanzi:multi-image-selector:unspecified] AndroidManifest.xml:14:5-73
	android:name
		ADDED from [duanzi:multi-image-selector:unspecified] AndroidManifest.xml:14:22-70
activity#me.nereo.multi_image_selector.camera.CameraActivity
ADDED from [duanzi:multi-image-selector:unspecified] AndroidManifest.xml:18:9-88
	android:name
		ADDED from [duanzi:multi-image-selector:unspecified] AndroidManifest.xml:18:19-85
activity#me.nereo.multi_image_selector.camera.ClipImageActivity
ADDED from [duanzi:multi-image-selector:unspecified] AndroidManifest.xml:19:9-21:72
	android:theme
		ADDED from [duanzi:multi-image-selector:unspecified] AndroidManifest.xml:21:13-69
	android:name
		ADDED from [duanzi:multi-image-selector:unspecified] AndroidManifest.xml:20:13-82
activity#me.nereo.multi_image_selector.camera.PhotoProcessActivity
ADDED from [duanzi:multi-image-selector:unspecified] AndroidManifest.xml:22:9-28:57
	android:screenOrientation
		ADDED from [duanzi:multi-image-selector:unspecified] AndroidManifest.xml:26:13-49
	android:exported
		ADDED from [duanzi:multi-image-selector:unspecified] AndroidManifest.xml:25:13-37
	android:windowSoftInputMode
		ADDED from [duanzi:multi-image-selector:unspecified] AndroidManifest.xml:28:13-54
	android:configChanges
		ADDED from [duanzi:multi-image-selector:unspecified] AndroidManifest.xml:24:13-81
	android:theme
		ADDED from [duanzi:multi-image-selector:unspecified] AndroidManifest.xml:27:13-69
	android:name
		ADDED from [duanzi:multi-image-selector:unspecified] AndroidManifest.xml:23:13-85
uses-permission#android.permission.ACCESS_COARSE_LOCATION
ADDED from [duanzi:DroidPlugin:unspecified] AndroidManifest.xml:33:5-81
	android:name
		ADDED from [duanzi:DroidPlugin:unspecified] AndroidManifest.xml:33:22-78
uses-permission#android.permission.ACCESS_LOCATION_EXTRA_COMMANDS
ADDED from [duanzi:DroidPlugin:unspecified] AndroidManifest.xml:35:5-89
	android:name
		ADDED from [duanzi:DroidPlugin:unspecified] AndroidManifest.xml:35:22-86
uses-permission#android.permission.ACCESS_WIMAX_STATE
ADDED from [duanzi:DroidPlugin:unspecified] AndroidManifest.xml:38:5-77
	android:name
		ADDED from [duanzi:DroidPlugin:unspecified] AndroidManifest.xml:38:22-74
uses-permission#android.permission.AUTHENTICATE_ACCOUNTS
ADDED from [duanzi:DroidPlugin:unspecified] AndroidManifest.xml:39:5-80
	android:name
		ADDED from [duanzi:DroidPlugin:unspecified] AndroidManifest.xml:39:22-77
uses-permission#android.permission.BLUETOOTH
ADDED from [duanzi:DroidPlugin:unspecified] AndroidManifest.xml:40:5-68
	android:name
		ADDED from [duanzi:DroidPlugin:unspecified] AndroidManifest.xml:40:22-65
uses-permission#android.permission.BLUETOOTH_ADMIN
ADDED from [duanzi:DroidPlugin:unspecified] AndroidManifest.xml:41:5-74
	android:name
		ADDED from [duanzi:DroidPlugin:unspecified] AndroidManifest.xml:41:22-71
uses-permission#android.permission.BODY_SENSORS
ADDED from [duanzi:DroidPlugin:unspecified] AndroidManifest.xml:42:5-71
	android:name
		ADDED from [duanzi:DroidPlugin:unspecified] AndroidManifest.xml:42:22-68
uses-permission#android.permission.BROADCAST_STICKY
ADDED from [duanzi:DroidPlugin:unspecified] AndroidManifest.xml:43:5-75
	android:name
		ADDED from [duanzi:DroidPlugin:unspecified] AndroidManifest.xml:43:22-72
uses-permission#android.permission.CALL_PHONE
ADDED from [duanzi:DroidPlugin:unspecified] AndroidManifest.xml:44:5-69
	android:name
		ADDED from [duanzi:DroidPlugin:unspecified] AndroidManifest.xml:44:22-66
uses-permission#android.permission.CHANGE_NETWORK_STATE
ADDED from [duanzi:DroidPlugin:unspecified] AndroidManifest.xml:46:5-79
	android:name
		ADDED from [duanzi:DroidPlugin:unspecified] AndroidManifest.xml:46:22-76
uses-permission#android.permission.CHANGE_WIFI_MULTICAST_STATE
ADDED from [duanzi:DroidPlugin:unspecified] AndroidManifest.xml:47:5-86
	android:name
		ADDED from [duanzi:DroidPlugin:unspecified] AndroidManifest.xml:47:22-83
uses-permission#android.permission.CHANGE_WIMAX_STATE
ADDED from [duanzi:DroidPlugin:unspecified] AndroidManifest.xml:49:5-77
	android:name
		ADDED from [duanzi:DroidPlugin:unspecified] AndroidManifest.xml:49:22-74
uses-permission#android.permission.CLEAR_APP_CACHE
ADDED from [duanzi:DroidPlugin:unspecified] AndroidManifest.xml:50:5-74
	android:name
		ADDED from [duanzi:DroidPlugin:unspecified] AndroidManifest.xml:50:22-71
uses-permission#android.permission.DISABLE_KEYGUARD
ADDED from [duanzi:DroidPlugin:unspecified] AndroidManifest.xml:51:5-75
	android:name
		ADDED from [duanzi:DroidPlugin:unspecified] AndroidManifest.xml:51:22-72
uses-permission#android.permission.DOWNLOAD_WITHOUT_NOTIFICATION
ADDED from [duanzi:DroidPlugin:unspecified] AndroidManifest.xml:52:5-88
	android:name
		ADDED from [duanzi:DroidPlugin:unspecified] AndroidManifest.xml:52:22-85
uses-permission#android.permission.EXPAND_STATUS_BAR
ADDED from [duanzi:DroidPlugin:unspecified] AndroidManifest.xml:53:5-76
	android:name
		ADDED from [duanzi:DroidPlugin:unspecified] AndroidManifest.xml:53:22-73
uses-permission#android.permission.FLASHLIGHT
ADDED from [duanzi:DroidPlugin:unspecified] AndroidManifest.xml:54:5-69
	android:name
		ADDED from [duanzi:DroidPlugin:unspecified] AndroidManifest.xml:54:22-66
uses-permission#android.permission.GET_ACCOUNTS
ADDED from [duanzi:DroidPlugin:unspecified] AndroidManifest.xml:55:5-71
	android:name
		ADDED from [duanzi:DroidPlugin:unspecified] AndroidManifest.xml:55:22-68
uses-permission#android.permission.GET_PACKAGE_SIZE
ADDED from [duanzi:DroidPlugin:unspecified] AndroidManifest.xml:56:5-75
	android:name
		ADDED from [duanzi:DroidPlugin:unspecified] AndroidManifest.xml:56:22-72
uses-permission#android.permission.KILL_BACKGROUND_PROCESSES
ADDED from [duanzi:DroidPlugin:unspecified] AndroidManifest.xml:59:5-84
	android:name
		ADDED from [duanzi:DroidPlugin:unspecified] AndroidManifest.xml:59:22-81
uses-permission#android.permission.MODIFY_AUDIO_SETTINGS
ADDED from [duanzi:DroidPlugin:unspecified] AndroidManifest.xml:61:5-80
	android:name
		ADDED from [duanzi:DroidPlugin:unspecified] AndroidManifest.xml:61:22-77
uses-permission#android.permission.NFC
ADDED from [duanzi:DroidPlugin:unspecified] AndroidManifest.xml:62:5-62
	android:name
		ADDED from [duanzi:DroidPlugin:unspecified] AndroidManifest.xml:62:22-59
uses-permission#android.permission.PERSISTENT_ACTIVITY
ADDED from [duanzi:DroidPlugin:unspecified] AndroidManifest.xml:63:5-78
	android:name
		ADDED from [duanzi:DroidPlugin:unspecified] AndroidManifest.xml:63:22-75
uses-permission#android.permission.PROCESS_OUTGOING_CALLS
ADDED from [duanzi:DroidPlugin:unspecified] AndroidManifest.xml:64:5-81
	android:name
		ADDED from [duanzi:DroidPlugin:unspecified] AndroidManifest.xml:64:22-78
uses-permission#android.permission.READ_CALENDAR
ADDED from [duanzi:DroidPlugin:unspecified] AndroidManifest.xml:65:5-72
	android:name
		ADDED from [duanzi:DroidPlugin:unspecified] AndroidManifest.xml:65:22-69
uses-permission#android.permission.READ_CALL_LOG
ADDED from [duanzi:DroidPlugin:unspecified] AndroidManifest.xml:66:5-72
IMPLIED from src\main\AndroidManifest.xml:2:1-150:12 reason: com.morgoo.droidplugin has targetSdkVersion < 16 and requested READ_CONTACTS
	android:name
		ADDED from [duanzi:DroidPlugin:unspecified] AndroidManifest.xml:66:22-69
uses-permission#android.permission.READ_CELL_BROADCASTS
ADDED from [duanzi:DroidPlugin:unspecified] AndroidManifest.xml:67:5-79
	android:name
		ADDED from [duanzi:DroidPlugin:unspecified] AndroidManifest.xml:67:22-76
uses-permission#android.permission.READ_CONTACTS
ADDED from [duanzi:DroidPlugin:unspecified] AndroidManifest.xml:68:5-72
	android:name
		ADDED from [duanzi:DroidPlugin:unspecified] AndroidManifest.xml:68:22-69
uses-permission#android.permission.READ_INSTALL_SESSIONS
ADDED from [duanzi:DroidPlugin:unspecified] AndroidManifest.xml:70:5-80
	android:name
		ADDED from [duanzi:DroidPlugin:unspecified] AndroidManifest.xml:70:22-77
uses-permission#android.permission.READ_PROFILE
ADDED from [duanzi:DroidPlugin:unspecified] AndroidManifest.xml:72:5-71
	android:name
		ADDED from [duanzi:DroidPlugin:unspecified] AndroidManifest.xml:72:22-68
uses-permission#android.permission.READ_SMS
ADDED from [duanzi:DroidPlugin:unspecified] AndroidManifest.xml:73:5-67
	android:name
		ADDED from [duanzi:DroidPlugin:unspecified] AndroidManifest.xml:73:22-64
uses-permission#android.permission.READ_SOCIAL_STREAM
ADDED from [duanzi:DroidPlugin:unspecified] AndroidManifest.xml:74:5-77
	android:name
		ADDED from [duanzi:DroidPlugin:unspecified] AndroidManifest.xml:74:22-74
uses-permission#android.permission.READ_SYNC_SETTINGS
ADDED from [duanzi:DroidPlugin:unspecified] AndroidManifest.xml:75:5-77
	android:name
		ADDED from [duanzi:DroidPlugin:unspecified] AndroidManifest.xml:75:22-74
uses-permission#android.permission.READ_SYNC_STATS
ADDED from [duanzi:DroidPlugin:unspecified] AndroidManifest.xml:76:5-74
	android:name
		ADDED from [duanzi:DroidPlugin:unspecified] AndroidManifest.xml:76:22-71
uses-permission#android.permission.READ_USER_DICTIONARY
ADDED from [duanzi:DroidPlugin:unspecified] AndroidManifest.xml:77:5-79
	android:name
		ADDED from [duanzi:DroidPlugin:unspecified] AndroidManifest.xml:77:22-76
uses-permission#android.permission.RECEIVE_MMS
ADDED from [duanzi:DroidPlugin:unspecified] AndroidManifest.xml:79:5-70
	android:name
		ADDED from [duanzi:DroidPlugin:unspecified] AndroidManifest.xml:79:22-67
uses-permission#android.permission.RECEIVE_SMS